#
# There is insufficient memory for the Java Runtime Environment to continue.
# Native memory allocation (malloc) failed to allocate 312976 bytes. Error detail: Chunk::new
# Possible reasons:
#   The system is out of physical RAM or swap space
#   This process is running with CompressedOops enabled, and the Java Heap may be blocking the growth of the native heap
# Possible solutions:
#   Reduce memory load on the system
#   Increase physical memory or swap space
#   Check if swap backing store is full
#   Decrease Java heap size (-Xmx/-Xms)
#   Decrease number of Java threads
#   Decrease Java thread stack sizes (-Xss)
#   Set larger code cache with -XX:ReservedCodeCacheSize=
#   JVM is running with Unscaled Compressed Oops mode in which the Java heap is
#     placed in the first 4GB address space. The Java Heap base address is the
#     maximum limit for the native heap growth. Please use -XX:HeapBaseMinAddress
#     to set the Java Heap base and to place the Java Heap above 4GB virtual address.
# This output file may be truncated or incomplete.
#
#  Out of Memory Error (arena.cpp:191), pid=13984, tid=16016
#
# JRE version: OpenJDK Runtime Environment Temurin-17.0.13+11 (17.0.13+11) (build 17.0.13+11)
# Java VM: OpenJDK 64-Bit Server VM Temurin-17.0.13+11 (17.0.13+11, mixed mode, tiered, compressed oops, compressed class ptrs, g1 gc, windows-amd64)
# No core dump will be written. Minidumps are not enabled by default on client versions of Windows
#

---------------  S U M M A R Y ------------

Command Line: -XX:+ShowCodeDetailsInExceptionMessages com.dewi.housing.HousingApplication

Host: AMD 3020e with Radeon Graphics                 , 2 cores, 3G,  Windows 11 , 64 bit Build 22621 (10.0.22621.4391)
Time: Mon Dec 16 12:27:34 2024 SE Asia Standard Time elapsed time: 63.782635 seconds (0d 0h 1m 3s)

---------------  T H R E A D  ---------------

Current thread (0x000002537fe8f080):  JavaThread "C2 CompilerThread0" daemon [_thread_in_native, id=16016, stack(0x000000c1e8b00000,0x000000c1e8c00000)]


Current CompileTask:
C2:  63782 3910   !   4       org.springframework.beans.factory.support.DefaultSingletonBeanRegistry::getSingleton (181 bytes)

Stack: [0x000000c1e8b00000,0x000000c1e8c00000]
Native frames: (J=compiled Java code, j=interpreted, Vv=VM code, C=native code)
V  [jvm.dll+0x682a19]
V  [jvm.dll+0x839538]
V  [jvm.dll+0x83afe3]
V  [jvm.dll+0x83b653]
V  [jvm.dll+0x24704f]
V  [jvm.dll+0xace34]
V  [jvm.dll+0xad4cc]
V  [jvm.dll+0x2ac84f]
V  [jvm.dll+0x588a79]
V  [jvm.dll+0x220ea2]
V  [jvm.dll+0x22129f]
V  [jvm.dll+0x21a2b0]
V  [jvm.dll+0x21738b]
V  [jvm.dll+0x1a3070]
V  [jvm.dll+0x22788c]
V  [jvm.dll+0x2259eb]
V  [jvm.dll+0x7eec98]
V  [jvm.dll+0x7e8ffc]
V  [jvm.dll+0x6818f7]
C  [ucrtbase.dll+0x29333]
C  [KERNEL32.DLL+0x1259d]
C  [ntdll.dll+0x5af38]


---------------  P R O C E S S  ---------------

Threads class SMR info:
_java_thread_list=0x0000025309738ff0, length=14, elements={
0x000002536dc5f0c0, 0x000002537fe443a0, 0x000002537fe47c50, 0x000002537fe5d0c0,
0x000002537fe8c030, 0x000002537fe8c600, 0x000002537fe8cfc0, 0x000002537fe8f080,
0x00000253080300d0, 0x00000253080364a0, 0x000002530812f580, 0x00000253081411a0,
0x0000025308c90a00, 0x0000025308842850
}

Java Threads: ( => current thread )
  0x000002536dc5f0c0 JavaThread "main" [_thread_blocked, id=13224, stack(0x000000c1e7e00000,0x000000c1e7f00000)]
  0x000002537fe443a0 JavaThread "Reference Handler" daemon [_thread_blocked, id=7300, stack(0x000000c1e8500000,0x000000c1e8600000)]
  0x000002537fe47c50 JavaThread "Finalizer" daemon [_thread_blocked, id=5700, stack(0x000000c1e8600000,0x000000c1e8700000)]
  0x000002537fe5d0c0 JavaThread "Signal Dispatcher" daemon [_thread_blocked, id=7056, stack(0x000000c1e8700000,0x000000c1e8800000)]
  0x000002537fe8c030 JavaThread "Attach Listener" daemon [_thread_blocked, id=8596, stack(0x000000c1e8800000,0x000000c1e8900000)]
  0x000002537fe8c600 JavaThread "Service Thread" daemon [_thread_blocked, id=14048, stack(0x000000c1e8900000,0x000000c1e8a00000)]
  0x000002537fe8cfc0 JavaThread "Monitor Deflation Thread" daemon [_thread_blocked, id=8852, stack(0x000000c1e8a00000,0x000000c1e8b00000)]
=>0x000002537fe8f080 JavaThread "C2 CompilerThread0" daemon [_thread_in_native, id=16016, stack(0x000000c1e8b00000,0x000000c1e8c00000)]
  0x00000253080300d0 JavaThread "C1 CompilerThread0" daemon [_thread_blocked, id=11992, stack(0x000000c1e8c00000,0x000000c1e8d00000)]
  0x00000253080364a0 JavaThread "Sweeper thread" daemon [_thread_blocked, id=15516, stack(0x000000c1e8d00000,0x000000c1e8e00000)]
  0x000002530812f580 JavaThread "Notification Thread" daemon [_thread_blocked, id=13716, stack(0x000000c1e8e00000,0x000000c1e8f00000)]
  0x00000253081411a0 JavaThread "Common-Cleaner" daemon [_thread_blocked, id=2288, stack(0x000000c1e9000000,0x000000c1e9100000)]
  0x0000025308c90a00 JavaThread "Thread-0" [_thread_blocked, id=14140, stack(0x000000c1e9200000,0x000000c1e9300000)]
  0x0000025308842850 JavaThread "restartedMain" [_thread_in_Java, id=6980, stack(0x000000c1e9300000,0x000000c1e9400000)]

Other Threads:
  0x000002537fdeed80 VMThread "VM Thread" [stack: 0x000000c1e8400000,0x000000c1e8500000] [id=12528]
  0x0000025308131e80 WatcherThread [stack: 0x000000c1e8f00000,0x000000c1e9000000] [id=13904]
  0x000002536dc9e830 GCTaskThread "GC Thread#0" [stack: 0x000000c1e7f00000,0x000000c1e8000000] [id=5844]
  0x00000253083fed00 GCTaskThread "GC Thread#1" [stack: 0x000000c1e9100000,0x000000c1e9200000] [id=14516]
  0x000002536dca63c0 ConcurrentGCThread "G1 Main Marker" [stack: 0x000000c1e8000000,0x000000c1e8100000] [id=11596]
  0x000002536dca6de0 ConcurrentGCThread "G1 Conc#0" [stack: 0x000000c1e8100000,0x000000c1e8200000] [id=3568]
  0x000002536dcda4b0 ConcurrentGCThread "G1 Refine#0" [stack: 0x000000c1e8200000,0x000000c1e8300000] [id=12448]
  0x00000253090a9090 ConcurrentGCThread "G1 Refine#1" [stack: 0x000000c1e9500000,0x000000c1e9600000] [id=15400]
  0x000002536dcdaee0 ConcurrentGCThread "G1 Service" [stack: 0x000000c1e8300000,0x000000c1e8400000] [id=11656]

Threads with active compile tasks:
C2 CompilerThread0    63837 3910   !   4       org.springframework.beans.factory.support.DefaultSingletonBeanRegistry::getSingleton (181 bytes)

VM state: not at safepoint (normal execution)

VM Mutex/Monitor currently owned by a thread: None

Heap address: 0x00000000c9e00000, size: 866 MB, Compressed Oops mode: 32-bit

CDS archive(s) not mapped
Compressed class space mapped at: 0x0000000100000000-0x0000000140000000, reserved size: 1073741824
Narrow klass base: 0x0000000000000000, Narrow klass shift: 3, Narrow klass range: 0x140000000

GC Precious Log:
 CPUs: 2 total, 2 available
 Memory: 3460M
 Large Page Support: Disabled
 NUMA Support: Disabled
 Compressed Oops: Enabled (32-bit)
 Heap Region Size: 1M
 Heap Min Capacity: 8M
 Heap Initial Capacity: 56M
 Heap Max Capacity: 866M
 Pre-touch: Disabled
 Parallel Workers: 2
 Concurrent Workers: 1
 Concurrent Refinement Workers: 2
 Periodic GC: Disabled

Heap:
 garbage-first heap   total 40960K, used 26898K [0x00000000c9e00000, 0x0000000100000000)
  region size 1024K, 12 young (12288K), 2 survivors (2048K)
 Metaspace       used 35041K, committed 35456K, reserved 1114112K
  class space    used 4349K, committed 4544K, reserved 1048576K

Heap Regions: E=young(eden), S=young(survivor), O=old, HS=humongous(starts), HC=humongous(continues), CS=collection set, F=free, OA=open archive, CA=closed archive, TAMS=top-at-mark-start (previous, next)
|   0|0x00000000c9e00000, 0x00000000c9f00000, 0x00000000c9f00000|100%|HS|  |TAMS 0x00000000c9f00000, 0x00000000c9e00000| Complete 
|   1|0x00000000c9f00000, 0x00000000ca000000, 0x00000000ca000000|100%|HS|  |TAMS 0x00000000ca000000, 0x00000000c9f00000| Complete 
|   2|0x00000000ca000000, 0x00000000ca100000, 0x00000000ca100000|100%| O|  |TAMS 0x00000000ca100000, 0x00000000ca000000| Untracked 
|   3|0x00000000ca100000, 0x00000000ca200000, 0x00000000ca200000|100%| O|  |TAMS 0x00000000ca200000, 0x00000000ca100000| Untracked 
|   4|0x00000000ca200000, 0x00000000ca300000, 0x00000000ca300000|100%| O|  |TAMS 0x00000000ca300000, 0x00000000ca200000| Untracked 
|   5|0x00000000ca300000, 0x00000000ca400000, 0x00000000ca400000|100%| O|  |TAMS 0x00000000ca400000, 0x00000000ca300000| Untracked 
|   6|0x00000000ca400000, 0x00000000ca500000, 0x00000000ca500000|100%| O|  |TAMS 0x00000000ca4cd000, 0x00000000ca400000| Untracked 
|   7|0x00000000ca500000, 0x00000000ca600000, 0x00000000ca600000|100%| O|  |TAMS 0x00000000ca500000, 0x00000000ca500000| Untracked 
|   8|0x00000000ca600000, 0x00000000ca700000, 0x00000000ca700000|100%| O|  |TAMS 0x00000000ca600000, 0x00000000ca600000| Untracked 
|   9|0x00000000ca700000, 0x00000000ca800000, 0x00000000ca800000|100%| O|  |TAMS 0x00000000ca700000, 0x00000000ca700000| Untracked 
|  10|0x00000000ca800000, 0x00000000ca900000, 0x00000000ca900000|100%| O|  |TAMS 0x00000000ca800000, 0x00000000ca800000| Untracked 
|  11|0x00000000ca900000, 0x00000000caa00000, 0x00000000caa00000|100%| O|  |TAMS 0x00000000ca900000, 0x00000000ca900000| Untracked 
|  12|0x00000000caa00000, 0x00000000cab00000, 0x00000000cab00000|100%| O|  |TAMS 0x00000000caa00000, 0x00000000caa00000| Untracked 
|  13|0x00000000cab00000, 0x00000000cab7d600, 0x00000000cac00000| 48%| O|  |TAMS 0x00000000cab00000, 0x00000000cab00000| Untracked 
|  14|0x00000000cac00000, 0x00000000cac00000, 0x00000000cad00000|  0%| F|  |TAMS 0x00000000cac00000, 0x00000000cac00000| Untracked 
|  15|0x00000000cad00000, 0x00000000cad00000, 0x00000000cae00000|  0%| F|  |TAMS 0x00000000cad00000, 0x00000000cad00000| Untracked 
|  16|0x00000000cae00000, 0x00000000caf00000, 0x00000000caf00000|100%| O|  |TAMS 0x00000000cae00000, 0x00000000cae00000| Untracked 
|  17|0x00000000caf00000, 0x00000000cb000000, 0x00000000cb000000|100%| O|  |TAMS 0x00000000caf00000, 0x00000000caf00000| Untracked 
|  18|0x00000000cb000000, 0x00000000cb000000, 0x00000000cb100000|  0%| F|  |TAMS 0x00000000cb000000, 0x00000000cb000000| Untracked 
|  19|0x00000000cb100000, 0x00000000cb100000, 0x00000000cb200000|  0%| F|  |TAMS 0x00000000cb100000, 0x00000000cb100000| Untracked 
|  20|0x00000000cb200000, 0x00000000cb200000, 0x00000000cb300000|  0%| F|  |TAMS 0x00000000cb200000, 0x00000000cb200000| Untracked 
|  21|0x00000000cb300000, 0x00000000cb300000, 0x00000000cb400000|  0%| F|  |TAMS 0x00000000cb300000, 0x00000000cb300000| Untracked 
|  22|0x00000000cb400000, 0x00000000cb4c74c0, 0x00000000cb500000| 77%| S|CS|TAMS 0x00000000cb400000, 0x00000000cb400000| Complete 
|  23|0x00000000cb500000, 0x00000000cb500000, 0x00000000cb600000|  0%| F|  |TAMS 0x00000000cb500000, 0x00000000cb500000| Untracked 
|  24|0x00000000cb600000, 0x00000000cb600000, 0x00000000cb700000|  0%| F|  |TAMS 0x00000000cb600000, 0x00000000cb600000| Untracked 
|  25|0x00000000cb700000, 0x00000000cb800000, 0x00000000cb800000|100%| S|CS|TAMS 0x00000000cb700000, 0x00000000cb700000| Complete 
|  26|0x00000000cb800000, 0x00000000cb800000, 0x00000000cb900000|  0%| F|  |TAMS 0x00000000cb800000, 0x00000000cb800000| Untracked 
|  27|0x00000000cb900000, 0x00000000cb900000, 0x00000000cba00000|  0%| F|  |TAMS 0x00000000cb900000, 0x00000000cb900000| Untracked 
|  28|0x00000000cba00000, 0x00000000cba00000, 0x00000000cbb00000|  0%| F|  |TAMS 0x00000000cba00000, 0x00000000cba00000| Untracked 
|  29|0x00000000cbb00000, 0x00000000cbb00000, 0x00000000cbc00000|  0%| F|  |TAMS 0x00000000cbb00000, 0x00000000cbb00000| Untracked 
|  30|0x00000000cbc00000, 0x00000000cbcd8820, 0x00000000cbd00000| 84%| E|  |TAMS 0x00000000cbc00000, 0x00000000cbc00000| Complete 
|  31|0x00000000cbd00000, 0x00000000cbe00000, 0x00000000cbe00000|100%| E|CS|TAMS 0x00000000cbd00000, 0x00000000cbd00000| Complete 
|  32|0x00000000cbe00000, 0x00000000cbf00000, 0x00000000cbf00000|100%| E|CS|TAMS 0x00000000cbe00000, 0x00000000cbe00000| Complete 
|  33|0x00000000cbf00000, 0x00000000cc000000, 0x00000000cc000000|100%| E|CS|TAMS 0x00000000cbf00000, 0x00000000cbf00000| Complete 
|  34|0x00000000cc000000, 0x00000000cc100000, 0x00000000cc100000|100%| E|CS|TAMS 0x00000000cc000000, 0x00000000cc000000| Complete 
|  35|0x00000000cc100000, 0x00000000cc200000, 0x00000000cc200000|100%| E|CS|TAMS 0x00000000cc100000, 0x00000000cc100000| Complete 
|  36|0x00000000cc200000, 0x00000000cc300000, 0x00000000cc300000|100%| E|CS|TAMS 0x00000000cc200000, 0x00000000cc200000| Complete 
|  37|0x00000000cc300000, 0x00000000cc400000, 0x00000000cc400000|100%| E|CS|TAMS 0x00000000cc300000, 0x00000000cc300000| Complete 
|  38|0x00000000cc400000, 0x00000000cc500000, 0x00000000cc500000|100%| E|CS|TAMS 0x00000000cc400000, 0x00000000cc400000| Complete 
|  55|0x00000000cd500000, 0x00000000cd600000, 0x00000000cd600000|100%| E|CS|TAMS 0x00000000cd500000, 0x00000000cd500000| Complete 

Card table byte_map: [0x000002536d9c0000,0x000002536db80000] _byte_map_base: 0x000002536d371000

Marking Bits (Prev, Next): (CMBitMap*) 0x000002536dc9ee90, (CMBitMap*) 0x000002536dc9ee50
 Prev Bits: [0x0000025300d90000, 0x0000025301b18000)
 Next Bits: [0x0000025300000000, 0x0000025300d88000)

Polling page: 0x000002536ba60000

Metaspace:

Usage:
  Non-class:     29.98 MB used.
      Class:      4.25 MB used.
       Both:     34.22 MB used.

Virtual space:
  Non-class space:       64.00 MB reserved,      30.19 MB ( 47%) committed,  1 nodes.
      Class space:        1.00 GB reserved,       4.44 MB ( <1%) committed,  1 nodes.
             Both:        1.06 GB reserved,      34.62 MB (  3%) committed. 

Chunk freelists:
   Non-Class:  1.03 MB
       Class:  11.61 MB
        Both:  12.64 MB

MaxMetaspaceSize: unlimited
CompressedClassSpaceSize: 1.00 GB
Initial GC threshold: 21.00 MB
Current GC threshold: 35.25 MB
CDS: off
MetaspaceReclaimPolicy: balanced
 - commit_granule_bytes: 65536.
 - commit_granule_words: 8192.
 - virtual_space_node_default_size: 8388608.
 - enlarge_chunks_in_place: 1.
 - new_chunks_are_fully_committed: 0.
 - uncommit_free_chunks: 1.
 - use_allocation_guard: 0.
 - handle_deallocations: 1.


Internal statistics:

num_allocs_failed_limit: 3.
num_arena_births: 462.
num_arena_deaths: 0.
num_vsnodes_births: 2.
num_vsnodes_deaths: 0.
num_space_committed: 554.
num_space_uncommitted: 0.
num_chunks_returned_to_freelist: 3.
num_chunks_taken_from_freelist: 1472.
num_chunk_merges: 3.
num_chunk_splits: 998.
num_chunks_enlarged: 734.
num_inconsistent_stats: 0.

CodeHeap 'non-profiled nmethods': size=120064Kb used=2295Kb max_used=2295Kb free=117768Kb
 bounds [0x00000253783a0000, 0x0000025378610000, 0x000002537f8e0000]
CodeHeap 'profiled nmethods': size=120000Kb used=8365Kb max_used=8365Kb free=111634Kb
 bounds [0x00000253708e0000, 0x0000025371110000, 0x0000025377e10000]
CodeHeap 'non-nmethods': size=5696Kb used=1210Kb max_used=1257Kb free=4485Kb
 bounds [0x0000025377e10000, 0x0000025378080000, 0x00000253783a0000]
 total_blobs=4403 nmethods=3890 adapters=424
 compilation: enabled
              stopped_count=0, restarted_count=0
 full_count=0

Compilation events (20 events):
Event: 63.588 Thread 0x00000253080300d0 nmethod 3900 0x0000025371101f90 code [0x0000025371102140, 0x00000253711022a8]
Event: 63.588 Thread 0x00000253080300d0 3901       3       org.springframework.orm.jpa.support.PersistenceAnnotationBeanPostProcessor::lambda$buildPersistenceMetadata$1 (120 bytes)
Event: 63.590 Thread 0x00000253080300d0 nmethod 3901 0x0000025371102390 code [0x0000025371102740, 0x0000025371103da8]
Event: 63.590 Thread 0x00000253080300d0 3903       3       org.springframework.beans.factory.annotation.InitDestroyAnnotationBeanPostProcessor::lambda$buildLifecycleMetadata$1 (201 bytes)
Event: 63.592 Thread 0x00000253080300d0 nmethod 3903 0x0000025371104510 code [0x0000025371104980, 0x0000025371106bf8]
Event: 63.592 Thread 0x00000253080300d0 3902       3       org.springframework.beans.factory.annotation.InitDestroyAnnotationBeanPostProcessor$$Lambda$594/0x0000000100433010::doWith (21 bytes)
Event: 63.592 Thread 0x00000253080300d0 nmethod 3902 0x0000025371107690 code [0x0000025371107840, 0x00000253711079a8]
Event: 63.593 Thread 0x00000253080300d0 3904       3       org.springframework.context.annotation.CommonAnnotationBeanPostProcessor$$Lambda$596/0x0000000100433450::doWith (17 bytes)
Event: 63.593 Thread 0x00000253080300d0 nmethod 3904 0x0000025371107a90 code [0x0000025371107c40, 0x0000025371107da8]
Event: 63.593 Thread 0x00000253080300d0 3905       3       org.springframework.beans.factory.annotation.AutowiredAnnotationBeanPostProcessor$$Lambda$598/0x0000000100433890::doWith (17 bytes)
Event: 63.593 Thread 0x00000253080300d0 nmethod 3905 0x0000025371107e90 code [0x0000025371108040, 0x00000253711081a8]
Event: 63.593 Thread 0x00000253080300d0 3906       3       org.springframework.beans.factory.annotation.AutowiredAnnotationBeanPostProcessor::lambda$buildAutowiringMetadata$2 (161 bytes)
Event: 63.594 Thread 0x00000253080300d0 nmethod 3906 0x0000025371108290 code [0x00000253711085c0, 0x0000025371109778]
Event: 63.613 Thread 0x00000253080300d0 3907       3       org.springframework.core.annotation.AnnotatedElementUtils::getAnnotationAttributes (23 bytes)
Event: 63.614 Thread 0x00000253080300d0 nmethod 3907 0x0000025371109d90 code [0x0000025371109fc0, 0x000002537110a7f8]
Event: 63.615 Thread 0x00000253080300d0 3908       3       java.lang.ThreadLocal$ThreadLocalMap::nextIndex (15 bytes)
Event: 63.615 Thread 0x00000253080300d0 nmethod 3908 0x000002537110ab10 code [0x000002537110aca0, 0x000002537110add8]
Event: 63.616 Thread 0x00000253080300d0 3909       3       java.time.temporal.ValueRange::checkValidValue (24 bytes)
Event: 63.616 Thread 0x00000253080300d0 nmethod 3909 0x000002537110ae90 code [0x000002537110b060, 0x000002537110b3d8]
Event: 63.744 Thread 0x000002537fe8f080 3910   !   4       org.springframework.beans.factory.support.DefaultSingletonBeanRegistry::getSingleton (181 bytes)

GC Heap History (20 events):
Event: 3.955 GC heap before
{Heap before GC invocations=1 (full 0):
 garbage-first heap   total 57344K, used 7767K [0x00000000c9e00000, 0x0000000100000000)
  region size 1024K, 4 young (4096K), 1 survivors (1024K)
 Metaspace       used 6470K, committed 6592K, reserved 1114112K
  class space    used 592K, committed 640K, reserved 1048576K
}
Event: 3.958 GC heap after
{Heap after GC invocations=2 (full 0):
 garbage-first heap   total 57344K, used 6849K [0x00000000c9e00000, 0x0000000100000000)
  region size 1024K, 1 young (1024K), 1 survivors (1024K)
 Metaspace       used 6470K, committed 6592K, reserved 1114112K
  class space    used 592K, committed 640K, reserved 1048576K
}
Event: 6.055 GC heap before
{Heap before GC invocations=2 (full 0):
 garbage-first heap   total 57344K, used 14017K [0x00000000c9e00000, 0x0000000100000000)
  region size 1024K, 8 young (8192K), 1 survivors (1024K)
 Metaspace       used 10039K, committed 10176K, reserved 1114112K
  class space    used 1033K, committed 1088K, reserved 1048576K
}
Event: 6.059 GC heap after
{Heap after GC invocations=3 (full 0):
 garbage-first heap   total 57344K, used 7988K [0x00000000c9e00000, 0x0000000100000000)
  region size 1024K, 1 young (1024K), 1 survivors (1024K)
 Metaspace       used 10039K, committed 10176K, reserved 1114112K
  class space    used 1033K, committed 1088K, reserved 1048576K
}
Event: 11.063 GC heap before
{Heap before GC invocations=3 (full 0):
 garbage-first heap   total 57344K, used 29492K [0x00000000c9e00000, 0x0000000100000000)
  region size 1024K, 22 young (22528K), 1 survivors (1024K)
 Metaspace       used 15184K, committed 15424K, reserved 1114112K
  class space    used 1692K, committed 1792K, reserved 1048576K
}
Event: 11.070 GC heap after
{Heap after GC invocations=4 (full 0):
 garbage-first heap   total 57344K, used 9408K [0x00000000c9e00000, 0x0000000100000000)
  region size 1024K, 3 young (3072K), 3 survivors (3072K)
 Metaspace       used 15184K, committed 15424K, reserved 1114112K
  class space    used 1692K, committed 1792K, reserved 1048576K
}
Event: 15.159 GC heap before
{Heap before GC invocations=4 (full 0):
 garbage-first heap   total 57344K, used 28864K [0x00000000c9e00000, 0x0000000100000000)
  region size 1024K, 24 young (24576K), 3 survivors (3072K)
 Metaspace       used 21263K, committed 21504K, reserved 1114112K
  class space    used 2425K, committed 2560K, reserved 1048576K
}
Event: 15.177 GC heap after
{Heap after GC invocations=5 (full 0):
 garbage-first heap   total 57344K, used 11009K [0x00000000c9e00000, 0x0000000100000000)
  region size 1024K, 3 young (3072K), 3 survivors (3072K)
 Metaspace       used 21263K, committed 21504K, reserved 1114112K
  class space    used 2425K, committed 2560K, reserved 1048576K
}
Event: 19.502 GC heap before
{Heap before GC invocations=6 (full 0):
 garbage-first heap   total 40960K, used 30465K [0x00000000c9e00000, 0x0000000100000000)
  region size 1024K, 24 young (24576K), 3 survivors (3072K)
 Metaspace       used 25566K, committed 25792K, reserved 1114112K
  class space    used 3009K, committed 3136K, reserved 1048576K
}
Event: 19.515 GC heap after
{Heap after GC invocations=7 (full 0):
 garbage-first heap   total 40960K, used 13582K [0x00000000c9e00000, 0x0000000100000000)
  region size 1024K, 3 young (3072K), 3 survivors (3072K)
 Metaspace       used 25566K, committed 25792K, reserved 1114112K
  class space    used 3009K, committed 3136K, reserved 1048576K
}
Event: 19.587 GC heap before
{Heap before GC invocations=7 (full 0):
 garbage-first heap   total 40960K, used 13582K [0x00000000c9e00000, 0x0000000100000000)
  region size 1024K, 4 young (4096K), 3 survivors (3072K)
 Metaspace       used 25798K, committed 26048K, reserved 1114112K
  class space    used 3027K, committed 3136K, reserved 1048576K
}
Event: 19.594 GC heap after
{Heap after GC invocations=8 (full 0):
 garbage-first heap   total 40960K, used 14044K [0x00000000c9e00000, 0x0000000100000000)
  region size 1024K, 1 young (1024K), 1 survivors (1024K)
 Metaspace       used 25798K, committed 26048K, reserved 1114112K
  class space    used 3027K, committed 3136K, reserved 1048576K
}
Event: 35.680 GC heap before
{Heap before GC invocations=8 (full 0):
 garbage-first heap   total 40960K, used 27356K [0x00000000c9e00000, 0x0000000100000000)
  region size 1024K, 15 young (15360K), 1 survivors (1024K)
 Metaspace       used 27139K, committed 27392K, reserved 1114112K
  class space    used 3170K, committed 3264K, reserved 1048576K
}
Event: 35.696 GC heap after
{Heap after GC invocations=9 (full 0):
 garbage-first heap   total 40960K, used 14894K [0x00000000c9e00000, 0x0000000100000000)
  region size 1024K, 2 young (2048K), 2 survivors (2048K)
 Metaspace       used 27139K, committed 27392K, reserved 1114112K
  class space    used 3170K, committed 3264K, reserved 1048576K
}
Event: 44.241 GC heap before
{Heap before GC invocations=9 (full 0):
 garbage-first heap   total 40960K, used 29230K [0x00000000c9e00000, 0x0000000100000000)
  region size 1024K, 16 young (16384K), 2 survivors (2048K)
 Metaspace       used 28591K, committed 28800K, reserved 1114112K
  class space    used 3351K, committed 3456K, reserved 1048576K
}
Event: 44.254 GC heap after
{Heap after GC invocations=10 (full 0):
 garbage-first heap   total 40960K, used 16025K [0x00000000c9e00000, 0x0000000100000000)
  region size 1024K, 2 young (2048K), 2 survivors (2048K)
 Metaspace       used 28591K, committed 28800K, reserved 1114112K
  class space    used 3351K, committed 3456K, reserved 1048576K
}
Event: 51.302 GC heap before
{Heap before GC invocations=10 (full 0):
 garbage-first heap   total 40960K, used 30361K [0x00000000c9e00000, 0x0000000100000000)
  region size 1024K, 16 young (16384K), 2 survivors (2048K)
 Metaspace       used 31154K, committed 31424K, reserved 1114112K
  class space    used 3791K, committed 3904K, reserved 1048576K
}
Event: 51.310 GC heap after
{Heap after GC invocations=11 (full 0):
 garbage-first heap   total 40960K, used 16744K [0x00000000c9e00000, 0x0000000100000000)
  region size 1024K, 2 young (2048K), 2 survivors (2048K)
 Metaspace       used 31154K, committed 31424K, reserved 1114112K
  class space    used 3791K, committed 3904K, reserved 1048576K
}
Event: 56.758 GC heap before
{Heap before GC invocations=11 (full 0):
 garbage-first heap   total 40960K, used 31080K [0x00000000c9e00000, 0x0000000100000000)
  region size 1024K, 16 young (16384K), 2 survivors (2048K)
 Metaspace       used 33134K, committed 33536K, reserved 1114112K
  class space    used 4081K, committed 4288K, reserved 1048576K
}
Event: 56.771 GC heap after
{Heap after GC invocations=12 (full 0):
 garbage-first heap   total 40960K, used 17682K [0x00000000c9e00000, 0x0000000100000000)
  region size 1024K, 2 young (2048K), 2 survivors (2048K)
 Metaspace       used 33134K, committed 33536K, reserved 1114112K
  class space    used 4081K, committed 4288K, reserved 1048576K
}

Dll operation events (8 events):
Event: 0.072 Loaded shared library C:\Users\Lenovo\.vscode\extensions\redhat.java-1.37.0-win32-x64\jre\17.0.13-win32-x86_64\bin\java.dll
Event: 2.275 Loaded shared library C:\Users\Lenovo\.vscode\extensions\redhat.java-1.37.0-win32-x64\jre\17.0.13-win32-x86_64\bin\net.dll
Event: 2.349 Loaded shared library C:\Users\Lenovo\.vscode\extensions\redhat.java-1.37.0-win32-x64\jre\17.0.13-win32-x86_64\bin\nio.dll
Event: 2.629 Loaded shared library C:\Users\Lenovo\.vscode\extensions\redhat.java-1.37.0-win32-x64\jre\17.0.13-win32-x86_64\bin\zip.dll
Event: 3.831 Loaded shared library C:\Users\Lenovo\.vscode\extensions\redhat.java-1.37.0-win32-x64\jre\17.0.13-win32-x86_64\bin\jimage.dll
Event: 6.828 Loaded shared library C:\Users\Lenovo\.vscode\extensions\redhat.java-1.37.0-win32-x64\jre\17.0.13-win32-x86_64\bin\management.dll
Event: 6.837 Loaded shared library C:\Users\Lenovo\.vscode\extensions\redhat.java-1.37.0-win32-x64\jre\17.0.13-win32-x86_64\bin\management_ext.dll
Event: 17.571 Loaded shared library C:\Users\Lenovo\.vscode\extensions\redhat.java-1.37.0-win32-x64\jre\17.0.13-win32-x86_64\bin\sunmscapi.dll

Deoptimization events (20 events):
Event: 61.912 Thread 0x0000025308842850 DEOPT PACKING pc=0x00000253784fe908 sp=0x000000c1e93fb160
Event: 61.912 Thread 0x0000025308842850 DEOPT UNPACKING pc=0x0000025377e669a3 sp=0x000000c1e93fb0a8 mode 2
Event: 61.912 Thread 0x0000025308842850 Uncommon trap: trap_request=0xffffff45 fr.pc=0x0000025378577374 relative=0x0000000000001054
Event: 61.912 Thread 0x0000025308842850 Uncommon trap: reason=unstable_if action=reinterpret pc=0x0000025378577374 method=org.springframework.util.ConcurrentReferenceHashMap$Segment.findInChain(Lorg/springframework/util/ConcurrentReferenceHashMap$Reference;Ljava/lang/Object;I)Lorg/springframewo
Event: 61.912 Thread 0x0000025308842850 DEOPT PACKING pc=0x0000025378577374 sp=0x000000c1e93fb280
Event: 61.912 Thread 0x0000025308842850 DEOPT UNPACKING pc=0x0000025377e669a3 sp=0x000000c1e93faff0 mode 2
Event: 61.912 Thread 0x0000025308842850 Uncommon trap: trap_request=0xffffff45 fr.pc=0x0000025378577374 relative=0x0000000000001054
Event: 61.912 Thread 0x0000025308842850 Uncommon trap: reason=unstable_if action=reinterpret pc=0x0000025378577374 method=org.springframework.util.ConcurrentReferenceHashMap$Segment.findInChain(Lorg/springframework/util/ConcurrentReferenceHashMap$Reference;Ljava/lang/Object;I)Lorg/springframewo
Event: 61.912 Thread 0x0000025308842850 DEOPT PACKING pc=0x0000025378577374 sp=0x000000c1e93fb420
Event: 61.912 Thread 0x0000025308842850 DEOPT UNPACKING pc=0x0000025377e669a3 sp=0x000000c1e93fb190 mode 2
Event: 62.011 Thread 0x0000025308842850 Uncommon trap: trap_request=0xffffff45 fr.pc=0x00000253784fbbc8 relative=0x0000000000000208
Event: 62.011 Thread 0x0000025308842850 Uncommon trap: reason=unstable_if action=reinterpret pc=0x00000253784fbbc8 method=org.springframework.util.ConcurrentReferenceHashMap$Segment.findInChain(Lorg/springframework/util/ConcurrentReferenceHashMap$Reference;Ljava/lang/Object;I)Lorg/springframewo
Event: 62.011 Thread 0x0000025308842850 DEOPT PACKING pc=0x00000253784fbbc8 sp=0x000000c1e93fbeb0
Event: 62.011 Thread 0x0000025308842850 DEOPT UNPACKING pc=0x0000025377e669a3 sp=0x000000c1e93fbe78 mode 2
Event: 62.011 Thread 0x0000025308842850 Uncommon trap: trap_request=0xffffff45 fr.pc=0x00000253785cbb68 relative=0x0000000000000a68
Event: 62.011 Thread 0x0000025308842850 Uncommon trap: reason=unstable_if action=reinterpret pc=0x00000253785cbb68 method=org.springframework.util.ConcurrentReferenceHashMap$Segment.findInChain(Lorg/springframework/util/ConcurrentReferenceHashMap$Reference;Ljava/lang/Object;I)Lorg/springframewo
Event: 62.011 Thread 0x0000025308842850 DEOPT PACKING pc=0x00000253785cbb68 sp=0x000000c1e93fc050
Event: 62.011 Thread 0x0000025308842850 DEOPT UNPACKING pc=0x0000025377e669a3 sp=0x000000c1e93fbde0 mode 2
Event: 63.029 Thread 0x0000025308842850 DEOPT PACKING pc=0x0000025370d73741 sp=0x000000c1e93fbcd0
Event: 63.029 Thread 0x0000025308842850 DEOPT UNPACKING pc=0x0000025377e67143 sp=0x000000c1e93fb188 mode 0

Classes loaded (20 events):
Event: 62.283 Loading class java/io/ObjectInput done
Event: 62.283 Loading class java/io/ObjectStreamConstants
Event: 62.283 Loading class java/io/ObjectStreamConstants done
Event: 62.283 Loading class java/io/ObjectInputStream done
Event: 62.283 Loading class java/io/ObjectOutputStream
Event: 62.284 Loading class java/io/ObjectOutput
Event: 62.284 Loading class java/io/ObjectOutput done
Event: 62.284 Loading class java/io/ObjectOutputStream done
Event: 62.674 Loading class java/text/MessageFormat
Event: 62.675 Loading class java/text/MessageFormat done
Event: 63.013 Loading class java/nio/file/InvalidPathException
Event: 63.014 Loading class java/nio/file/InvalidPathException done
Event: 63.017 Loading class java/lang/UnsatisfiedLinkError
Event: 63.017 Loading class java/lang/UnsatisfiedLinkError done
Event: 63.107 Loading class java/util/logging/LogRecord
Event: 63.109 Loading class java/util/logging/LogRecord done
Event: 63.122 Loading class jdk/internal/loader/BootLoader$PackageHelper
Event: 63.123 Loading class jdk/internal/loader/BootLoader$PackageHelper done
Event: 63.125 Loading class java/security/AllPermissionCollection
Event: 63.126 Loading class java/security/AllPermissionCollection done

Classes unloaded (0 events):
No events

Classes redefined (0 events):
No events

Internal exceptions (20 events):
Event: 54.708 Thread 0x0000025308842850 Exception <a 'java/lang/NoSuchMethodError'{0x00000000cbca2660}: 'int java.lang.invoke.DirectMethodHandle$Holder.invokeStaticInit(java.lang.Object, int, int)'> (0x00000000cbca2660) 
thrown [s\src\hotspot\share\interpreter\linkResolver.cpp, line 759]
Event: 54.710 Thread 0x0000025308842850 Exception <a 'java/lang/NoSuchMethodError'{0x00000000cbca9f48}: 'int java.lang.invoke.DirectMethodHandle$Holder.invokeStaticInit(java.lang.Object, long, long)'> (0x00000000cbca9f48) 
thrown [s\src\hotspot\share\interpreter\linkResolver.cpp, line 759]
Event: 54.710 Thread 0x0000025308842850 Exception <a 'java/lang/NoSuchMethodError'{0x00000000cbcb0d98}: 'int java.lang.invoke.DirectMethodHandle$Holder.invokeStaticInit(java.lang.Object, float, float)'> (0x00000000cbcb0d98) 
thrown [s\src\hotspot\share\interpreter\linkResolver.cpp, line 759]
Event: 54.711 Thread 0x0000025308842850 Exception <a 'java/lang/NoSuchMethodError'{0x00000000cbcb7bf0}: 'int java.lang.invoke.DirectMethodHandle$Holder.invokeStaticInit(java.lang.Object, double, double)'> (0x00000000cbcb7bf0) 
thrown [s\src\hotspot\share\interpreter\linkResolver.cpp, line 759]
Event: 54.713 Thread 0x0000025308842850 Exception <a 'java/lang/NoSuchMethodError'{0x00000000cbcbc1c0}: 'int java.lang.invoke.DirectMethodHandle$Holder.invokeStatic(java.lang.Object, long)'> (0x00000000cbcbc1c0) 
thrown [s\src\hotspot\share\interpreter\linkResolver.cpp, line 759]
Event: 54.845 Thread 0x0000025308842850 Exception <a 'java/lang/NoSuchMethodError'{0x00000000cbce6ce8}: 'int java.lang.invoke.DirectMethodHandle$Holder.invokeSpecial(java.lang.Object, java.lang.Object, int)'> (0x00000000cbce6ce8) 
thrown [s\src\hotspot\share\interpreter\linkResolver.cpp, line 759]
Event: 54.864 Thread 0x0000025308842850 Exception <a 'java/lang/NoSuchMethodError'{0x00000000cbcee648}: 'int java.lang.invoke.Invokers$Holder.linkToTargetMethod(java.lang.Object, java.lang.Object)'> (0x00000000cbcee648) 
thrown [s\src\hotspot\share\interpreter\linkResolver.cpp, line 759]
Event: 54.990 Thread 0x0000025308842850 Exception <a 'java/lang/NoSuchMethodError'{0x00000000cbb82420}: 'java.lang.Object java.lang.invoke.DirectMethodHandle$Holder.invokeSpecial(java.lang.Object, java.lang.Object, java.lang.Object, java.lang.Object, java.lang.Object, java.lang.Object, java.lang.Object, java.lang.Object, java.lang.Object, java.lang.Object)'> (0x00000000cbb82420) 
thrown [s\src\hotspot\share\interpreter\linkResolver.cpp, line 759]
Event: 54.991 Thread 0x0000025308842850 Exception <a 'java/lang/NoSuchMethodError'{0x00000000cbb86f10}: 'java.lang.Object java.lang.invoke.Invokers$Holder.invoke_MT(java.lang.Object, java.lang.Object, java.lang.Object, java.lang.Object, java.lang.Object, java.lang.Object, java.lang.Object, java.lang.Object, java.lang.Object, java.lang.Object)'> (0x00000000cbb86f10) 
thrown [s\src\hotspot\share\interpreter\linkResolver.cpp, line 759]
Event: 55.099 Thread 0x0000025308842850 Exception <a 'java/lang/NoSuchMethodError'{0x00000000cbbc76a0}: 'java.lang.Object java.lang.invoke.DirectMethodHandle$Holder.invokeSpecial(java.lang.Object, java.lang.Object, int, java.lang.Object, java.lang.Object)'> (0x00000000cbbc76a0) 
thrown [s\src\hotspot\share\interpreter\linkResolver.cpp, line 759]
Event: 55.103 Thread 0x0000025308842850 Exception <a 'java/lang/NoSuchMethodError'{0x00000000cbbcb348}: 'java.lang.Object java.lang.invoke.DelegatingMethodHandle$Holder.delegate(java.lang.Object, int, java.lang.Object, java.lang.Object)'> (0x00000000cbbcb348) 
thrown [s\src\hotspot\share\interpreter\linkResolver.cpp, line 759]
Event: 55.110 Thread 0x0000025308842850 Exception <a 'java/lang/NoSuchMethodError'{0x00000000cbbdc1b0}: 'int java.lang.invoke.Invokers$Holder.linkToTargetMethod(java.lang.Object, java.lang.Object, java.lang.Object)'> (0x00000000cbbdc1b0) 
thrown [s\src\hotspot\share\interpreter\linkResolver.cpp, line 759]
Event: 56.701 Thread 0x0000025308842850 Exception <a 'java/lang/NoClassDefFoundError'{0x00000000cb8625c8}: org/flywaydb/core/Flyway> (0x00000000cb8625c8) 
thrown [s\src\hotspot\share\classfile\systemDictionary.cpp, line 245]
Event: 56.706 Thread 0x0000025308842850 Exception <a 'java/lang/NoClassDefFoundError'{0x00000000cb864438}: liquibase/integration/spring/SpringLiquibase> (0x00000000cb864438) 
thrown [s\src\hotspot\share\classfile\systemDictionary.cpp, line 245]
Event: 57.002 Thread 0x0000025308842850 Exception <a 'java/lang/NoClassDefFoundError'{0x00000000cc4c0238}: org/jooq/DSLContext> (0x00000000cc4c0238) 
thrown [s\src\hotspot\share\classfile\systemDictionary.cpp, line 245]
Event: 57.008 Thread 0x0000025308842850 Exception <a 'java/lang/NoClassDefFoundError'{0x00000000cc4cf2e8}: org/springframework/batch/core/repository/JobRepository> (0x00000000cc4cf2e8) 
thrown [s\src\hotspot\share\classfile\systemDictionary.cpp, line 245]
Event: 57.008 Thread 0x0000025308842850 Exception <a 'java/lang/NoClassDefFoundError'{0x00000000cc4d0da0}: org/quartz/Scheduler> (0x00000000cc4d0da0) 
thrown [s\src\hotspot\share\classfile\systemDictionary.cpp, line 245]
Event: 57.009 Thread 0x0000025308842850 Exception <a 'java/lang/NoClassDefFoundError'{0x00000000cc4d2da0}: org/springframework/session/jdbc/JdbcIndexedSessionRepository> (0x00000000cc4d2da0) 
thrown [s\src\hotspot\share\classfile\systemDictionary.cpp, line 245]
Event: 59.370 Thread 0x0000025308842850 Exception <a 'java/lang/NoSuchMethodError'{0x00000000cc262820}: 'void java.lang.invoke.DirectMethodHandle$Holder.invokeSpecial(java.lang.Object, java.lang.Object, java.lang.Object, java.lang.Object, java.lang.Object, java.lang.Object)'> (0x00000000cc262820) 
thrown [s\src\hotspot\share\interpreter\linkResolver.cpp, line 759]
Event: 62.643 Thread 0x0000025308842850 Exception <a 'java/lang/NoSuchMethodError'{0x00000000cbfc26c0}: 'java.lang.Object java.lang.invoke.DirectMethodHandle$Holder.invokeSpecialIFC(java.lang.Object, java.lang.Object, java.lang.Object)'> (0x00000000cbfc26c0) 
thrown [s\src\hotspot\share\interpreter\linkResolver.cpp, line 759]

VM Operations (20 events):
Event: 56.758 Executing VM operation: G1CollectForAllocation
Event: 56.771 Executing VM operation: G1CollectForAllocation done
Event: 57.783 Executing VM operation: Cleanup
Event: 57.784 Executing VM operation: Cleanup done
Event: 58.790 Executing VM operation: Cleanup
Event: 58.790 Executing VM operation: Cleanup done
Event: 59.796 Executing VM operation: Cleanup
Event: 60.030 Executing VM operation: Cleanup done
Event: 60.155 Executing VM operation: HandshakeAllThreads
Event: 60.155 Executing VM operation: HandshakeAllThreads done
Event: 60.248 Executing VM operation: HandshakeAllThreads
Event: 60.248 Executing VM operation: HandshakeAllThreads done
Event: 61.249 Executing VM operation: Cleanup
Event: 61.249 Executing VM operation: Cleanup done
Event: 61.908 Executing VM operation: HandshakeAllThreads
Event: 61.908 Executing VM operation: HandshakeAllThreads done
Event: 61.910 Executing VM operation: HandshakeAllThreads
Event: 61.910 Executing VM operation: HandshakeAllThreads done
Event: 62.916 Executing VM operation: Cleanup
Event: 62.980 Executing VM operation: Cleanup done

Memory protections (0 events):
No events

Nmethod flushes (0 events):
No events

Events (18 events):
Event: 1.226 Thread 0x000002536dc5f0c0 Thread added: 0x000002536dc5f0c0
Event: 1.662 Thread 0x000002536dc5f0c0 Thread added: 0x000002537fe443a0
Event: 1.663 Thread 0x000002536dc5f0c0 Thread added: 0x000002537fe47c50
Event: 1.704 Thread 0x000002536dc5f0c0 Thread added: 0x000002537fe5d0c0
Event: 1.704 Thread 0x000002536dc5f0c0 Thread added: 0x000002537fe8c030
Event: 1.704 Thread 0x000002536dc5f0c0 Thread added: 0x000002537fe8c600
Event: 1.704 Thread 0x000002536dc5f0c0 Thread added: 0x000002537fe8cfc0
Event: 1.705 Thread 0x000002536dc5f0c0 Thread added: 0x000002537fe8f080
Event: 1.770 Thread 0x000002536dc5f0c0 Thread added: 0x00000253080300d0
Event: 1.808 Thread 0x000002536dc5f0c0 Thread added: 0x00000253080364a0
Event: 2.165 Thread 0x000002536dc5f0c0 Thread added: 0x000002530812f580
Event: 2.179 Thread 0x000002536dc5f0c0 Thread added: 0x00000253081411a0
Event: 7.148 Thread 0x000002536dc5f0c0 Thread added: 0x0000025308c90a00
Event: 7.233 Thread 0x0000025308c90a00 Thread added: 0x0000025308842850
Event: 11.507 Thread 0x0000025308842850 Thread added: 0x0000025309244050
Event: 17.907 Thread 0x0000025309244050 Thread exited: 0x0000025309244050
Event: 18.946 Thread 0x0000025308842850 Thread added: 0x00000253080ae4f0
Event: 19.866 Thread 0x00000253080ae4f0 Thread exited: 0x00000253080ae4f0


Dynamic libraries:
0x00007ff6882a0000 - 0x00007ff6882ae000 	C:\Users\Lenovo\.vscode\extensions\redhat.java-1.37.0-win32-x64\jre\17.0.13-win32-x86_64\bin\java.exe
0x00007ffb98eb0000 - 0x00007ffb990c7000 	C:\WINDOWS\SYSTEM32\ntdll.dll
0x00007ffb981d0000 - 0x00007ffb98294000 	C:\WINDOWS\System32\KERNEL32.DLL
0x00007ffb966f0000 - 0x00007ffb96aa9000 	C:\WINDOWS\System32\KERNELBASE.dll
0x00007ffb96ab0000 - 0x00007ffb96bc1000 	C:\WINDOWS\System32\ucrtbase.dll
0x00007ffb6fb70000 - 0x00007ffb6fb87000 	C:\Users\Lenovo\.vscode\extensions\redhat.java-1.37.0-win32-x64\jre\17.0.13-win32-x86_64\bin\jli.dll
0x00007ffb983f0000 - 0x00007ffb9859e000 	C:\WINDOWS\System32\USER32.dll
0x00007ffb96220000 - 0x00007ffb96246000 	C:\WINDOWS\System32\win32u.dll
0x00007ffb983c0000 - 0x00007ffb983e9000 	C:\WINDOWS\System32\GDI32.dll
0x00007ffb96390000 - 0x00007ffb964ab000 	C:\WINDOWS\System32\gdi32full.dll
0x00007ffb96620000 - 0x00007ffb966ba000 	C:\WINDOWS\System32\msvcp_win.dll
0x00007ffb6fb50000 - 0x00007ffb6fb6e000 	C:\Users\Lenovo\.vscode\extensions\redhat.java-1.37.0-win32-x64\jre\17.0.13-win32-x86_64\bin\VCRUNTIME140.dll
0x00007ffb83ee0000 - 0x00007ffb84172000 	C:\WINDOWS\WinSxS\amd64_microsoft.windows.common-controls_6595b64144ccf1df_6.0.22621.4391_none_2715d37f73803e96\COMCTL32.dll
0x00007ffb97f20000 - 0x00007ffb97fc7000 	C:\WINDOWS\System32\msvcrt.dll
0x00007ffb96bd0000 - 0x00007ffb96c01000 	C:\WINDOWS\System32\IMM32.DLL
0x00007ffb82d80000 - 0x00007ffb82d8c000 	C:\Users\Lenovo\.vscode\extensions\redhat.java-1.37.0-win32-x64\jre\17.0.13-win32-x86_64\bin\vcruntime140_1.dll
0x00007ffb6fac0000 - 0x00007ffb6fb4d000 	C:\Users\Lenovo\.vscode\extensions\redhat.java-1.37.0-win32-x64\jre\17.0.13-win32-x86_64\bin\msvcp140.dll
0x00007ffb1fc20000 - 0x00007ffb2088b000 	C:\Users\Lenovo\.vscode\extensions\redhat.java-1.37.0-win32-x64\jre\17.0.13-win32-x86_64\bin\server\jvm.dll
0x00007ffb98db0000 - 0x00007ffb98e62000 	C:\WINDOWS\System32\ADVAPI32.dll
0x00007ffb97e70000 - 0x00007ffb97f17000 	C:\WINDOWS\System32\sechost.dll
0x00007ffb966c0000 - 0x00007ffb966e8000 	C:\WINDOWS\System32\bcrypt.dll
0x00007ffb97ff0000 - 0x00007ffb98104000 	C:\WINDOWS\System32\RPCRT4.dll
0x00007ffb985c0000 - 0x00007ffb98631000 	C:\WINDOWS\System32\WS2_32.dll
0x00007ffb96080000 - 0x00007ffb960cd000 	C:\WINDOWS\SYSTEM32\POWRPROF.dll
0x00007ffb8f130000 - 0x00007ffb8f164000 	C:\WINDOWS\SYSTEM32\WINMM.dll
0x00007ffb8d440000 - 0x00007ffb8d44a000 	C:\WINDOWS\SYSTEM32\VERSION.dll
0x00007ffb96060000 - 0x00007ffb96073000 	C:\WINDOWS\SYSTEM32\UMPDC.dll
0x00007ffb951c0000 - 0x00007ffb951d8000 	C:\WINDOWS\SYSTEM32\kernel.appcore.dll
0x00007ffb70100000 - 0x00007ffb7010a000 	C:\Users\Lenovo\.vscode\extensions\redhat.java-1.37.0-win32-x64\jre\17.0.13-win32-x86_64\bin\jimage.dll
0x00007ffb93d00000 - 0x00007ffb93f32000 	C:\WINDOWS\SYSTEM32\DBGHELP.DLL
0x00007ffb98800000 - 0x00007ffb98b8f000 	C:\WINDOWS\System32\combase.dll
0x00007ffb98c40000 - 0x00007ffb98d17000 	C:\WINDOWS\System32\OLEAUT32.dll
0x00007ffb889c0000 - 0x00007ffb889f2000 	C:\WINDOWS\SYSTEM32\dbgcore.DLL
0x00007ffb96310000 - 0x00007ffb9638b000 	C:\WINDOWS\System32\bcryptPrimitives.dll
0x00007ffb60750000 - 0x00007ffb60775000 	C:\Users\Lenovo\.vscode\extensions\redhat.java-1.37.0-win32-x64\jre\17.0.13-win32-x86_64\bin\java.dll
0x00007ffb6ed60000 - 0x00007ffb6ed78000 	C:\Users\Lenovo\.vscode\extensions\redhat.java-1.37.0-win32-x64\jre\17.0.13-win32-x86_64\bin\zip.dll
0x00007ffb96dd0000 - 0x00007ffb97646000 	C:\WINDOWS\System32\SHELL32.dll
0x00007ffb940a0000 - 0x00007ffb949a3000 	C:\WINDOWS\SYSTEM32\windows.storage.dll
0x00007ffb93f60000 - 0x00007ffb9409f000 	C:\WINDOWS\SYSTEM32\wintypes.dll
0x00007ffb982c0000 - 0x00007ffb983b9000 	C:\WINDOWS\System32\SHCORE.dll
0x00007ffb98170000 - 0x00007ffb981ce000 	C:\WINDOWS\System32\shlwapi.dll
0x00007ffb960e0000 - 0x00007ffb9610b000 	C:\WINDOWS\SYSTEM32\profapi.dll
0x00007ffb6fa90000 - 0x00007ffb6faa9000 	C:\Users\Lenovo\.vscode\extensions\redhat.java-1.37.0-win32-x64\jre\17.0.13-win32-x86_64\bin\net.dll
0x00007ffb8efa0000 - 0x00007ffb8f0d6000 	C:\WINDOWS\SYSTEM32\WINHTTP.dll
0x00007ffb95650000 - 0x00007ffb956b9000 	C:\WINDOWS\system32\mswsock.dll
0x00007ffb6fa70000 - 0x00007ffb6fa86000 	C:\Users\Lenovo\.vscode\extensions\redhat.java-1.37.0-win32-x64\jre\17.0.13-win32-x86_64\bin\nio.dll
0x00007ffb88c80000 - 0x00007ffb88c8a000 	C:\Users\Lenovo\.vscode\extensions\redhat.java-1.37.0-win32-x64\jre\17.0.13-win32-x86_64\bin\management.dll
0x00007ffb88050000 - 0x00007ffb8805b000 	C:\Users\Lenovo\.vscode\extensions\redhat.java-1.37.0-win32-x64\jre\17.0.13-win32-x86_64\bin\management_ext.dll
0x00007ffb987f0000 - 0x00007ffb987f8000 	C:\WINDOWS\System32\PSAPI.DLL
0x00007ffb6fa10000 - 0x00007ffb6fa1e000 	C:\Users\Lenovo\.vscode\extensions\redhat.java-1.37.0-win32-x64\jre\17.0.13-win32-x86_64\bin\sunmscapi.dll
0x00007ffb964b0000 - 0x00007ffb96616000 	C:\WINDOWS\System32\CRYPT32.dll
0x00007ffb95a80000 - 0x00007ffb95aad000 	C:\WINDOWS\SYSTEM32\ncrypt.dll
0x00007ffb95a40000 - 0x00007ffb95a77000 	C:\WINDOWS\SYSTEM32\NTASN1.dll

dbghelp: loaded successfully - version: 4.0.5 - missing functions: none
symbol engine: initialized successfully - sym options: 0x614 - pdb path: .;C:\Users\Lenovo\.vscode\extensions\redhat.java-1.37.0-win32-x64\jre\17.0.13-win32-x86_64\bin;C:\WINDOWS\SYSTEM32;C:\WINDOWS\WinSxS\amd64_microsoft.windows.common-controls_6595b64144ccf1df_6.0.22621.4391_none_2715d37f73803e96;C:\Users\Lenovo\.vscode\extensions\redhat.java-1.37.0-win32-x64\jre\17.0.13-win32-x86_64\bin\server

VM Arguments:
jvm_args: -XX:+ShowCodeDetailsInExceptionMessages 
java_command: com.dewi.housing.HousingApplication
java_class_path (initial): C:\Users\Lenovo\housing\housing\target\classes;C:\Users\Lenovo\.m2\repository\org\springframework\boot\spring-boot-starter-data-jpa\3.4.0\spring-boot-starter-data-jpa-3.4.0.jar;C:\Users\Lenovo\.m2\repository\org\springframework\boot\spring-boot-starter-jdbc\3.4.0\spring-boot-starter-jdbc-3.4.0.jar;C:\Users\Lenovo\.m2\repository\com\zaxxer\HikariCP\5.1.0\HikariCP-5.1.0.jar;C:\Users\Lenovo\.m2\repository\org\springframework\spring-jdbc\6.2.0\spring-jdbc-6.2.0.jar;C:\Users\Lenovo\.m2\repository\org\hibernate\orm\hibernate-core\6.6.2.Final\hibernate-core-6.6.2.Final.jar;C:\Users\Lenovo\.m2\repository\jakarta\persistence\jakarta.persistence-api\3.1.0\jakarta.persistence-api-3.1.0.jar;C:\Users\Lenovo\.m2\repository\jakarta\transaction\jakarta.transaction-api\2.0.1\jakarta.transaction-api-2.0.1.jar;C:\Users\Lenovo\.m2\repository\org\jboss\logging\jboss-logging\3.6.1.Final\jboss-logging-3.6.1.Final.jar;C:\Users\Lenovo\.m2\repository\org\hibernate\common\hibernate-commons-annotations\7.0.3.Final\hibernate-commons-annotations-7.0.3.Final.jar;C:\Users\Lenovo\.m2\repository\io\smallrye\jandex\3.2.0\jandex-3.2.0.jar;C:\Users\Lenovo\.m2\repository\com\fasterxml\classmate\1.7.0\classmate-1.7.0.jar;C:\Users\Lenovo\.m2\repository\net\bytebuddy\byte-buddy\1.15.10\byte-buddy-1.15.10.jar;C:\Users\Lenovo\.m2\repository\org\glassfish\jaxb\jaxb-runtime\4.0.5\jaxb-runtime-4.0.5.jar;C:\Users\Lenovo\.m2\repository\org\glassfish\jaxb\jaxb-core\4.0.5\jaxb-core-4.0.5.jar;C:\Users\Lenovo\.m2\repository\org\eclipse\angus\angus-activation\2.0.2\angus-activation-2.0.2.jar;C:\Users\Lenovo\.m2\repository\org\glassfish\jaxb\txw2\4.0.5\txw2-4.0.5.jar;C:\Users\Lenovo\.m2\repository\com\sun\istack\istack-commons-runtime\4.1.2\istack-commons-runtime-4.1.2.jar;C:\Users\Lenovo\.m2\repository\jakarta\inject\jakarta.inject-api\2.0.1\jakarta.inject-api-2.0.1.jar;C:\Users\Lenovo\.m2\repository\org\antlr\antlr4-runtime\4.13.0\antlr4-runtime-4.13.0.jar;C:\Users\Lenovo\.m2\repository\o
Launcher Type: SUN_STANDARD

[Global flags]
     intx CICompilerCount                          = 2                                         {product} {ergonomic}
     uint ConcGCThreads                            = 1                                         {product} {ergonomic}
     uint G1ConcRefinementThreads                  = 2                                         {product} {ergonomic}
   size_t G1HeapRegionSize                         = 1048576                                   {product} {ergonomic}
    uintx GCDrainStackTargetSize                   = 64                                        {product} {ergonomic}
   size_t InitialHeapSize                          = 58720256                                  {product} {ergonomic}
   size_t MarkStackSize                            = 4194304                                   {product} {ergonomic}
   size_t MaxHeapSize                              = 908066816                                 {product} {ergonomic}
   size_t MaxNewSize                               = 544210944                                 {product} {ergonomic}
   size_t MinHeapDeltaBytes                        = 1048576                                   {product} {ergonomic}
   size_t MinHeapSize                              = 8388608                                   {product} {ergonomic}
    uintx NonNMethodCodeHeapSize                   = 5826188                                {pd product} {ergonomic}
    uintx NonProfiledCodeHeapSize                  = 122916026                              {pd product} {ergonomic}
    uintx ProfiledCodeHeapSize                     = 122916026                              {pd product} {ergonomic}
    uintx ReservedCodeCacheSize                    = 251658240                              {pd product} {ergonomic}
     bool SegmentedCodeCache                       = true                                      {product} {ergonomic}
     bool ShowCodeDetailsInExceptionMessages       = true                                   {manageable} {command line}
   size_t SoftMaxHeapSize                          = 908066816                              {manageable} {ergonomic}
     bool UseCompressedClassPointers               = true                           {product lp64_product} {ergonomic}
     bool UseCompressedOops                        = true                           {product lp64_product} {ergonomic}
     bool UseG1GC                                  = true                                      {product} {ergonomic}
     bool UseLargePagesIndividualAllocation        = false                                  {pd product} {ergonomic}

Logging:
Log output configuration:
 #0: stdout all=warning uptime,level,tags
 #1: stderr all=off uptime,level,tags

Environment Variables:
PATH=C:\Program Files\Common Files\Oracle\Java\javapath;C:\Program Files (x86)\Common Files\Oracle\Java\javapath;C:\WINDOWS\system32;C:\WINDOWS;C:\WINDOWS\System32\Wbem;C:\WINDOWS\System32\WindowsPowerShell\v1.0\;C:\WINDOWS\System32\OpenSSH\;C:\Program Files\Git\cmd;C:\Program Files\Docker\Docker\resources\bin;C:\Program Files\Java\jdk-[versi]\bin;C:\Program Files\nodejs\;C:\Users\Lenovo\AppData\Local\Microsoft\WindowsApps;C:\Users\Lenovo\AppData\Local\Programs\Microsoft VS Code\bin;C:\Users\Lenovo\AppData\Roaming\npm
USERNAME=Lenovo
LANG=en_US.UTF-8
OS=Windows_NT
PROCESSOR_IDENTIFIER=AMD64 Family 23 Model 32 Stepping 1, AuthenticAMD
TMP=C:\Users\Lenovo\AppData\Local\Temp
TEMP=C:\Users\Lenovo\AppData\Local\Temp



Periodic native trim disabled


---------------  S Y S T E M  ---------------

OS:
 Windows 11 , 64 bit Build 22621 (10.0.22621.4391)
OS uptime: 0 days 4:44 hours
Hyper-V role detected

CPU: total 2 (initial active 2) (2 cores per cpu, 1 threads per core) family 23 model 32 stepping 1 microcode 0x0, cx8, cmov, fxsr, mmx, 3dnowpref, sse, sse2, sse3, ssse3, sse4a, sse4.1, sse4.2, popcnt, lzcnt, tsc, tscinvbit, avx, avx2, aes, clmul, bmi1, bmi2, adx, sha, fma, vzeroupper, clflush, clflushopt, hv
Processor Information for all 2 processors :
  Max Mhz: 1200, Current Mhz: 1200, Mhz Limit: 1200

Memory: 4k page, system-wide physical 3460M (204M free)
TotalPageFile size 14212M (AvailPageFile size 0M)
current process WorkingSet (physical memory assigned to process): 95M, peak: 123M
current process commit charge ("private bytes"): 158M, peak: 174M

vm_info: OpenJDK 64-Bit Server VM (17.0.13+11) for windows-amd64 JRE (17.0.13+11), built on Oct 16 2024 00:10:08 by "admin" with MS VC++ 17.7 (VS2022)

END.
